<?xml version="1.0" encoding="UTF-8"?>
<!-- Generated by org.testng.reporters.JUnitXMLReporter -->
<testsuite ignored="1" hostname="DESKTOP-UUPIJUK" failures="0" tests="5" name="Default test" time="11.312" errors="0" timestamp="2022-06-15T19:28:07 WIB">
  <testcase classname="com.nexsoft.cicool.TestLoginUser" name="loginValid" time="2.88"/>
  <testcase classname="com.nexsoft.cicool.TestLoginUser" name="emailValidPasswordError" time="0.905"/>
  <testcase classname="com.nexsoft.cicool.TestLoginUser" name="emailErrorPasswordError" time="0.911"/>
  <testcase classname="com.nexsoft.cicool.TestLoginUser" name="emailKosongPasswordKosong" time="0.843"/>
  <testcase classname="com.nexsoft.cicool.TestLoginUser" name="emailIsiPasswordKosong" time="1.241"/>
  <testcase classname="com.nexsoft.cicool.TestLoginUser" name="login" time="0.0">
    <ignored/>
  </testcase> <!-- login -->
</testsuite> <!-- Default test -->
