<?xml version="1.0" encoding="UTF-8"?>
<!-- Generated by org.testng.reporters.JUnitXMLReporter -->
<testsuite ignored="1" hostname="DESKTOP-UUPIJUK" failures="0" tests="5" name="Default test" time="14.016" errors="0" timestamp="2022-06-15T21:32:30 WIB">
  <testcase classname="com.nexsoft.cicool.TestLoginUser" name="loginValid" time="2.674"/>
  <testcase classname="com.nexsoft.cicool.TestLoginUser" name="emailValidPasswordError" time="1.398"/>
  <testcase classname="com.nexsoft.cicool.TestLoginUser" name="emailErrorPasswordError" time="1.324"/>
  <testcase classname="com.nexsoft.cicool.TestLoginUser" name="emailKosongPasswordKosong" time="1.142"/>
  <testcase classname="com.nexsoft.cicool.TestLoginUser" name="masukHalamanLupaPassword" time="1.765"/>
  <testcase classname="com.nexsoft.cicool.TestLoginUser" name="login" time="0.0">
    <ignored/>
  </testcase> <!-- login -->
</testsuite> <!-- Default test -->
