<?xml version="1.0" encoding="UTF-8"?>
<testng-results ignored="1" total="6" passed="5" failed="0" skipped="0">
  <reporter-output>
  </reporter-output>
  <suite started-at="2022-06-15T21:32:53 WIB" name="SuiteTest" finished-at="2022-06-15T21:33:08 WIB" duration-ms="14973">
    <groups>
    </groups>
    <test started-at="2022-06-15T21:32:53 WIB" name="User Authentication" finished-at="2022-06-15T21:33:08 WIB" duration-ms="14973">
      <class name="com.nexsoft.cicool.TestLoginUser">
        <test-method is-config="true" signature="init()[pri:0, instance:com.nexsoft.cicool.TestLoginUser@130c12b7]" started-at="2022-06-15T21:32:53 WIB" name="init" finished-at="2022-06-15T21:32:57 WIB" duration-ms="3535" status="PASS">
          <reporter-output>
          </reporter-output>
        </test-method> <!-- init -->
        <test-method is-config="true" signature="cekSession()[pri:0, instance:com.nexsoft.cicool.TestLoginUser@130c12b7]" started-at="2022-06-15T21:32:57 WIB" name="cekSession" finished-at="2022-06-15T21:32:58 WIB" duration-ms="690" status="PASS">
          <reporter-output>
          </reporter-output>
        </test-method> <!-- cekSession -->
        <test-method signature="loginValid()[pri:0, instance:com.nexsoft.cicool.TestLoginUser@130c12b7]" started-at="2022-06-15T21:32:58 WIB" name="loginValid" finished-at="2022-06-15T21:33:01 WIB" duration-ms="3393" status="PASS">
          <reporter-output>
          </reporter-output>
        </test-method> <!-- loginValid -->
        <test-method is-config="true" signature="cekSession()[pri:0, instance:com.nexsoft.cicool.TestLoginUser@130c12b7]" started-at="2022-06-15T21:33:01 WIB" name="cekSession" finished-at="2022-06-15T21:33:01 WIB" duration-ms="441" status="PASS">
          <reporter-output>
          </reporter-output>
        </test-method> <!-- cekSession -->
        <test-method signature="emailValidPasswordError()[pri:1, instance:com.nexsoft.cicool.TestLoginUser@130c12b7]" started-at="2022-06-15T21:33:01 WIB" name="emailValidPasswordError" finished-at="2022-06-15T21:33:03 WIB" duration-ms="1383" status="PASS">
          <reporter-output>
          </reporter-output>
        </test-method> <!-- emailValidPasswordError -->
        <test-method is-config="true" signature="cekSession()[pri:0, instance:com.nexsoft.cicool.TestLoginUser@130c12b7]" started-at="2022-06-15T21:33:03 WIB" name="cekSession" finished-at="2022-06-15T21:33:03 WIB" duration-ms="414" status="PASS">
          <reporter-output>
          </reporter-output>
        </test-method> <!-- cekSession -->
        <test-method signature="emailErrorPasswordError()[pri:2, instance:com.nexsoft.cicool.TestLoginUser@130c12b7]" started-at="2022-06-15T21:33:03 WIB" name="emailErrorPasswordError" finished-at="2022-06-15T21:33:05 WIB" duration-ms="1319" status="PASS">
          <reporter-output>
          </reporter-output>
        </test-method> <!-- emailErrorPasswordError -->
        <test-method is-config="true" signature="cekSession()[pri:0, instance:com.nexsoft.cicool.TestLoginUser@130c12b7]" started-at="2022-06-15T21:33:05 WIB" name="cekSession" finished-at="2022-06-15T21:33:05 WIB" duration-ms="465" status="PASS">
          <reporter-output>
          </reporter-output>
        </test-method> <!-- cekSession -->
        <test-method signature="emailKosongPasswordKosong()[pri:3, instance:com.nexsoft.cicool.TestLoginUser@130c12b7]" started-at="2022-06-15T21:33:05 WIB" name="emailKosongPasswordKosong" finished-at="2022-06-15T21:33:06 WIB" duration-ms="1091" status="PASS">
          <reporter-output>
          </reporter-output>
        </test-method> <!-- emailKosongPasswordKosong -->
        <test-method is-config="true" signature="cekSession()[pri:0, instance:com.nexsoft.cicool.TestLoginUser@130c12b7]" started-at="2022-06-15T21:33:06 WIB" name="cekSession" finished-at="2022-06-15T21:33:07 WIB" duration-ms="425" status="PASS">
          <reporter-output>
          </reporter-output>
        </test-method> <!-- cekSession -->
        <test-method signature="masukHalamanLupaPassword()[pri:4, instance:com.nexsoft.cicool.TestLoginUser@130c12b7]" started-at="2022-06-15T21:33:07 WIB" name="masukHalamanLupaPassword" finished-at="2022-06-15T21:33:08 WIB" duration-ms="1752" status="PASS">
          <reporter-output>
          </reporter-output>
        </test-method> <!-- masukHalamanLupaPassword -->
      </class> <!-- com.nexsoft.cicool.TestLoginUser -->
    </test> <!-- User Authentication -->
  </suite> <!-- SuiteTest -->
</testng-results>
