<?xml version="1.0" encoding="UTF-8"?>
<testng-results ignored="1" total="6" passed="5" failed="0" skipped="0">
  <reporter-output>
  </reporter-output>
  <suite started-at="2022-06-15T20:21:17 WIB" name="SuiteTest" finished-at="2022-06-15T20:21:29 WIB" duration-ms="11209">
    <groups>
    </groups>
    <test started-at="2022-06-15T20:21:17 WIB" name="User Authentication" finished-at="2022-06-15T20:21:29 WIB" duration-ms="11209">
      <class name="com.nexsoft.cicool.TestLoginUser">
        <test-method is-config="true" signature="init()[pri:0, instance:com.nexsoft.cicool.TestLoginUser@130c12b7]" started-at="2022-06-15T20:21:18 WIB" name="init" finished-at="2022-06-15T20:21:20 WIB" duration-ms="2877" status="PASS">
          <reporter-output>
          </reporter-output>
        </test-method> <!-- init -->
        <test-method is-config="true" signature="cekSession()[pri:0, instance:com.nexsoft.cicool.TestLoginUser@130c12b7]" started-at="2022-06-15T20:21:20 WIB" name="cekSession" finished-at="2022-06-15T20:21:21 WIB" duration-ms="356" status="PASS">
          <reporter-output>
          </reporter-output>
        </test-method> <!-- cekSession -->
        <test-method signature="loginValid()[pri:0, instance:com.nexsoft.cicool.TestLoginUser@130c12b7]" started-at="2022-06-15T20:21:21 WIB" name="loginValid" finished-at="2022-06-15T20:21:23 WIB" duration-ms="2469" status="PASS">
          <reporter-output>
          </reporter-output>
        </test-method> <!-- loginValid -->
        <test-method is-config="true" signature="cekSession()[pri:0, instance:com.nexsoft.cicool.TestLoginUser@130c12b7]" started-at="2022-06-15T20:21:23 WIB" name="cekSession" finished-at="2022-06-15T20:21:24 WIB" duration-ms="318" status="PASS">
          <reporter-output>
          </reporter-output>
        </test-method> <!-- cekSession -->
        <test-method signature="emailValidPasswordError()[pri:1, instance:com.nexsoft.cicool.TestLoginUser@130c12b7]" started-at="2022-06-15T20:21:24 WIB" name="emailValidPasswordError" finished-at="2022-06-15T20:21:25 WIB" duration-ms="978" status="PASS">
          <reporter-output>
          </reporter-output>
        </test-method> <!-- emailValidPasswordError -->
        <test-method is-config="true" signature="cekSession()[pri:0, instance:com.nexsoft.cicool.TestLoginUser@130c12b7]" started-at="2022-06-15T20:21:25 WIB" name="cekSession" finished-at="2022-06-15T20:21:25 WIB" duration-ms="308" status="PASS">
          <reporter-output>
          </reporter-output>
        </test-method> <!-- cekSession -->
        <test-method signature="emailErrorPasswordError()[pri:2, instance:com.nexsoft.cicool.TestLoginUser@130c12b7]" started-at="2022-06-15T20:21:25 WIB" name="emailErrorPasswordError" finished-at="2022-06-15T20:21:26 WIB" duration-ms="929" status="PASS">
          <reporter-output>
          </reporter-output>
        </test-method> <!-- emailErrorPasswordError -->
        <test-method is-config="true" signature="cekSession()[pri:0, instance:com.nexsoft.cicool.TestLoginUser@130c12b7]" started-at="2022-06-15T20:21:26 WIB" name="cekSession" finished-at="2022-06-15T20:21:26 WIB" duration-ms="320" status="PASS">
          <reporter-output>
          </reporter-output>
        </test-method> <!-- cekSession -->
        <test-method signature="emailKosongPasswordKosong()[pri:3, instance:com.nexsoft.cicool.TestLoginUser@130c12b7]" started-at="2022-06-15T20:21:26 WIB" name="emailKosongPasswordKosong" finished-at="2022-06-15T20:21:27 WIB" duration-ms="929" status="PASS">
          <reporter-output>
          </reporter-output>
        </test-method> <!-- emailKosongPasswordKosong -->
        <test-method is-config="true" signature="cekSession()[pri:0, instance:com.nexsoft.cicool.TestLoginUser@130c12b7]" started-at="2022-06-15T20:21:27 WIB" name="cekSession" finished-at="2022-06-15T20:21:27 WIB" duration-ms="401" status="PASS">
          <reporter-output>
          </reporter-output>
        </test-method> <!-- cekSession -->
        <test-method signature="emailIsiPasswordKosong()[pri:4, instance:com.nexsoft.cicool.TestLoginUser@130c12b7]" started-at="2022-06-15T20:21:27 WIB" name="emailIsiPasswordKosong" finished-at="2022-06-15T20:21:29 WIB" duration-ms="1243" status="PASS">
          <reporter-output>
          </reporter-output>
        </test-method> <!-- emailIsiPasswordKosong -->
      </class> <!-- com.nexsoft.cicool.TestLoginUser -->
    </test> <!-- User Authentication -->
  </suite> <!-- SuiteTest -->
</testng-results>
