<?xml version="1.0" encoding="UTF-8"?>
<!-- Generated by org.testng.reporters.JUnitXMLReporter -->
<testsuite ignored="1" hostname="DESKTOP-UUPIJUK" failures="0" tests="5" name="User Authentication" time="14.973" errors="0" timestamp="2022-06-15T21:33:08 WIB">
  <testcase classname="com.nexsoft.cicool.TestLoginUser" name="loginValid" time="3.393"/>
  <testcase classname="com.nexsoft.cicool.TestLoginUser" name="emailValidPasswordError" time="1.383"/>
  <testcase classname="com.nexsoft.cicool.TestLoginUser" name="emailErrorPasswordError" time="1.319"/>
  <testcase classname="com.nexsoft.cicool.TestLoginUser" name="emailKosongPasswordKosong" time="1.091"/>
  <testcase classname="com.nexsoft.cicool.TestLoginUser" name="masukHalamanLupaPassword" time="1.752"/>
  <testcase classname="com.nexsoft.cicool.TestLoginUser" name="login" time="0.0">
    <ignored/>
  </testcase> <!-- login -->
</testsuite> <!-- User Authentication -->
