<?xml version="1.0" encoding="UTF-8"?>
<!-- Generated by org.testng.reporters.JUnitXMLReporter -->
<testsuite ignored="1" hostname="DESKTOP-UUPIJUK" failures="0" tests="5" name="User Authentication" time="11.209" errors="0" timestamp="2022-06-15T20:21:29 WIB">
  <testcase classname="com.nexsoft.cicool.TestLoginUser" name="loginValid" time="2.469"/>
  <testcase classname="com.nexsoft.cicool.TestLoginUser" name="emailValidPasswordError" time="0.978"/>
  <testcase classname="com.nexsoft.cicool.TestLoginUser" name="emailErrorPasswordError" time="0.929"/>
  <testcase classname="com.nexsoft.cicool.TestLoginUser" name="emailKosongPasswordKosong" time="0.929"/>
  <testcase classname="com.nexsoft.cicool.TestLoginUser" name="emailIsiPasswordKosong" time="1.243"/>
  <testcase classname="com.nexsoft.cicool.TestLoginUser" name="login" time="0.0">
    <ignored/>
  </testcase> <!-- login -->
</testsuite> <!-- User Authentication -->
